<?xml version="1.0" encoding="UTF-8"?>
<!-- Generated by org.testng.reporters.JUnitXMLReporter -->
<testsuite ignored="0" hostname="Anish" failures="0" tests="9" name="Parallel Tests Edge2" time="947.672" errors="0" timestamp="2024-05-22T13:34:18 IST">
  <testcase classname="com.stc.runner.TestRunner" name="@BeforeClass setUp" time="24.18">
    <failure type="org.openqa.selenium.SessionNotCreatedException" message="Could not start a new session. Possible causes are invalid address of the remote server or browser start-up failure. 
Host info: host: &amp;apos;ANISH&amp;apos;, ip: &amp;apos;192.168.1.5&amp;apos;">
      <![CDATA[org.openqa.selenium.SessionNotCreatedException: Could not start a new session. Possible causes are invalid address of the remote server or browser start-up failure. 
Host info: host: 'ANISH', ip: '192.168.1.5'
at org.openqa.selenium.remote.RemoteWebDriver.execute(RemoteWebDriver.java:537)
at org.openqa.selenium.remote.RemoteWebDriver.startSession(RemoteWebDriver.java:233)
at org.openqa.selenium.remote.RemoteWebDriver.<init>(RemoteWebDriver.java:162)
at org.openqa.selenium.chromium.ChromiumDriver.<init>(ChromiumDriver.java:114)
at org.openqa.selenium.edge.EdgeDriver.<init>(EdgeDriver.java:61)
at org.openqa.selenium.edge.EdgeDriver.<init>(EdgeDriver.java:57)
at org.openqa.selenium.edge.EdgeDriver.<init>(EdgeDriver.java:49)
at com.stc.base.AutomationBase.startBrowserSession(AutomationBase.java:60)
at com.stc.runner.TestRunner.setUp(TestRunner.java:18)
at java.base/java.util.ArrayList.forEach(ArrayList.java:1541)
at java.base/java.util.concurrent.FutureTask.run(FutureTask.java:264)
at java.base/java.util.concurrent.ThreadPoolExecutor.runWorker(ThreadPoolExecutor.java:1128)
at java.base/java.util.concurrent.ThreadPoolExecutor$Worker.run(ThreadPoolExecutor.java:628)
at java.base/java.lang.Thread.run(Thread.java:834)
Caused by: org.openqa.selenium.WebDriverException: Timed out waiting for driver server to bind the port.
Build info: version: '4.18.1', revision: 'b1d3319b48'
System info: os.name: 'Windows 11', os.arch: 'amd64', os.version: '10.0', java.version: '11.0.21'
Driver info: driver.version: EdgeDriver
at org.openqa.selenium.remote.service.DriverService.start(DriverService.java:249)
at org.openqa.selenium.remote.service.DriverCommandExecutor.execute(DriverCommandExecutor.java:117)
at org.openqa.selenium.remote.RemoteWebDriver.execute(RemoteWebDriver.java:519)
... 29 more
... Removed 16 stack frames]]>
    </failure>
  </testcase> <!-- @BeforeClass setUp -->
  <testcase classname="com.stc.base.AutomationBase" name="@AfterClass tearDown" time="-1.716365003434E9">
    <skipped/>
  </testcase> <!-- @AfterClass tearDown -->
  <testcase classname="com.stc.test.User_GetNewLineTest" name="SC_08_User_Mobile_PrePaidScenario" time="212.879"/>
  <testcase classname="com.stc.test.guestTest" name="eStore" time="129.308"/>
  <testcase classname="com.stc.test.QitafTest" name="SC_14_Qitaf_Scenario" time="0.0">
    <skipped/>
  </testcase> <!-- SC_14_Qitaf_Scenario -->
  <testcase classname="com.stc.test.User_GetNewLineTest" name="SC_09_User_Mobile_PostPaidScenario" time="129.933"/>
  <testcase classname="com.stc.test.guestTest" name="SC_12_QuickPayScenario" time="179.842"/>
  <testcase classname="com.stc.test.User_GetNewLineTest" name="SC_10_User_Internet_PrePaidScenario" time="80.874"/>
  <testcase classname="com.stc.test.guestTest" name="SC_13_AddCardScenario" time="66.306"/>
  <testcase classname="com.stc.test.QitafTest" name="SC_16_Partners" time="0.0">
    <skipped/>
  </testcase> <!-- SC_16_Partners -->
  <testcase classname="com.stc.test.User_GetNewLineTest" name="SC_11_User_Internet_PostPaidScenario" time="51.132"/>
</testsuite> <!-- Parallel Tests Edge2 -->
